<?xml version="1.0" encoding="UTF-8"?>
<!-- Generated by org.testng.reporters.JUnitXMLReporter -->
<testsuite hostname="ws-lv-cp1904" ignored="0" name="test_1" tests="2" failures="2" timestamp="24 лип. 2019 13:30:34 GMT" time="0.896" errors="0">
  <testcase name="loginAsNativeUserTest" time="0.001" classname="com.ei.testCases.LoginTests.LoginPageTest">
    <failure type="java.lang.NullPointerException">
      <![CDATA[java.lang.NullPointerException
at com.ei.pageObjects.BasePage.waitForWebElement(BasePage.java:25)
at com.ei.pageObjects.BasePage.writeText(BasePage.java:45)
at com.ei.pageObjects.LoginPage.setUsername(LoginPage.java:35)
at com.ei.businessObjects.LoginPageBO.loginAsNativeUser(LoginPageBO.java:17)
at com.ei.testCases.LoginTests.LoginPageTest.loginAsNativeUserTest(LoginPageTest.java:20)
... Removed 29 stack frames]]>
    </failure>
  </testcase> <!-- loginAsNativeUserTest -->
  <testcase name="loginAsDomainUserTest" time="0.001" classname="com.ei.testCases.LoginTests.LoginPageTest">
    <failure type="java.lang.NullPointerException">
      <![CDATA[java.lang.NullPointerException
at com.ei.pageObjects.BasePage.waitForWebElement(BasePage.java:25)
at com.ei.pageObjects.BasePage.writeText(BasePage.java:45)
at com.ei.pageObjects.LoginPage.setUsername(LoginPage.java:35)
at com.ei.businessObjects.LoginPageBO.loginAsDomainUser(LoginPageBO.java:24)
at com.ei.testCases.LoginTests.LoginPageTest.loginAsDomainUserTest(LoginPageTest.java:31)
... Removed 29 stack frames]]>
    </failure>
  </testcase> <!-- loginAsDomainUserTest -->
</testsuite> <!-- test_1 -->
