<?xml version="1.0" encoding="UTF-8"?>
<!-- Generated by org.testng.reporters.JUnitXMLReporter -->
<testsuite hostname="ws-lv-cp1904" ignored="2" name="Filters" tests="10" failures="10" timestamp="04 жовт. 2019 14:27:51 GMT" time="166.719" errors="0">
  <testcase name="navigationToAlarmsPageTest" time="1.747" classname="com.ei.test_cases.filter.FiltersOnAlalrmsPage">
    <failure type="java.lang.AssertionError" message="The following asserts failed:
	expected [true] but found [false],
	expected [true] but found [false]">
      <![CDATA[java.lang.AssertionError: The following asserts failed:
expected [true] but found [false],
expected [true] but found [false]
at com.ei.util.EISoftAssert.assertAll(EISoftAssert.java:52)
at com.ei.test_cases.filter.FiltersOnAlalrmsPage.navigationToAlarmsPageTest(FiltersOnAlalrmsPage.java:30)
... Removed 28 stack frames]]>
    </failure>
  </testcase> <!-- navigationToAlarmsPageTest -->
  <testcase name="numericFiltersTest" time="28.659" classname="com.ei.test_cases.filter.FiltersOnAlalrmsPage">
    <failure type="java.lang.AssertionError" message="The following asserts failed:
	expected [true] but found [false],
	expected [true] but found [false],
	imap_client.exe (10232) doesn`t match file.exe (10232) expected [true] but found [false],
	imap_client.exe (10232) doesn`t match file.exe (10232) expected [true] but found [false],
	imap_client.exe (10232) doesn`t match file.exe (10232) expected [true] but found [false],
	imap_client.exe (10232) doesn`t match file.exe (10232) expected [true] but found [false],
	imap_client.exe (10232) doesn`t match file.exe (10232) expected [true] but found [false],
	imap_client.exe (10232) doesn`t match file.exe (10232) expected [true] but found [false],
	imap_client.exe (10232) doesn`t match file.exe (10232) expected [true] but found [false],
	imap_client.exe (10232) doesn`t match file.exe (10232) expected [true] but found [false],
	imap_client.exe (10232) doesn`t match file.exe (10232) expected [true] but found [false],
	imap_client.exe (10232) doesn`t match registry.exe (10232) expected [true] but found [false],
	imap_client.exe (10232) doesn`t match registry.exe (10232) expected [true] but found [false],
	imap_client.exe (10232) doesn`t match file.exe (10232) expected [true] but found [false],
	imap_client.exe (10232) doesn`t match file.exe (10232) expected [true] but found [false],
	imap_client.exe (10232) doesn`t match file.exe (10232) expected [true] but found [false],
	imap_client.exe (10232) doesn`t match file.exe (10232) expected [true] but found [false],
	imap_client.exe (10232) doesn`t match registry.exe (10232) expected [true] but found [false],
	imap_client.exe (10232) doesn`t match registry.exe (10232) expected [true] but found [false],
	imap_client.exe (10232) doesn`t match file.exe (10232) expected [true] but found [false],
	imap_client.exe (10232) doesn`t match file.exe (10232) expected [true] but found [false],
	imap_client.exe (10232) doesn`t match file.exe (10232) expected [true] but found [false],
	imap_client.exe (10232) doesn`t match file.exe (10232) expected [true] but found [false],
	imap_client.exe (10232) doesn`t match file.exe (10232) expected [true] but found [false],
	imap_client.exe (10232) doesn`t match file.exe (10232) expected [true] but found [false],
	imap_client.exe (10232) doesn`t match registry.exe (10232) expected [true] but found [false],
	imap_client.exe (10232) doesn`t match registry.exe (10232) expected [true] but found [false],
	imap_client.exe (10232) doesn`t match registry.exe (10232) expected [true] but found [false]">
      <![CDATA[java.lang.AssertionError: The following asserts failed:
expected [true] but found [false],
expected [true] but found [false],
imap_client.exe (10232) doesn`t match file.exe (10232) expected [true] but found [false],
imap_client.exe (10232) doesn`t match file.exe (10232) expected [true] but found [false],
imap_client.exe (10232) doesn`t match file.exe (10232) expected [true] but found [false],
imap_client.exe (10232) doesn`t match file.exe (10232) expected [true] but found [false],
imap_client.exe (10232) doesn`t match file.exe (10232) expected [true] but found [false],
imap_client.exe (10232) doesn`t match file.exe (10232) expected [true] but found [false],
imap_client.exe (10232) doesn`t match file.exe (10232) expected [true] but found [false],
imap_client.exe (10232) doesn`t match file.exe (10232) expected [true] but found [false],
imap_client.exe (10232) doesn`t match file.exe (10232) expected [true] but found [false],
imap_client.exe (10232) doesn`t match registry.exe (10232) expected [true] but found [false],
imap_client.exe (10232) doesn`t match registry.exe (10232) expected [true] but found [false],
imap_client.exe (10232) doesn`t match file.exe (10232) expected [true] but found [false],
imap_client.exe (10232) doesn`t match file.exe (10232) expected [true] but found [false],
imap_client.exe (10232) doesn`t match file.exe (10232) expected [true] but found [false],
imap_client.exe (10232) doesn`t match file.exe (10232) expected [true] but found [false],
imap_client.exe (10232) doesn`t match registry.exe (10232) expected [true] but found [false],
imap_client.exe (10232) doesn`t match registry.exe (10232) expected [true] but found [false],
imap_client.exe (10232) doesn`t match file.exe (10232) expected [true] but found [false],
imap_client.exe (10232) doesn`t match file.exe (10232) expected [true] but found [false],
imap_client.exe (10232) doesn`t match file.exe (10232) expected [true] but found [false],
imap_client.exe (10232) doesn`t match file.exe (10232) expected [true] but found [false],
imap_client.exe (10232) doesn`t match file.exe (10232) expected [true] but found [false],
imap_client.exe (10232) doesn`t match file.exe (10232) expected [true] but found [false],
imap_client.exe (10232) doesn`t match registry.exe (10232) expected [true] but found [false],
imap_client.exe (10232) doesn`t match registry.exe (10232) expected [true] but found [false],
imap_client.exe (10232) doesn`t match registry.exe (10232) expected [true] but found [false]
at com.ei.util.EISoftAssert.assertAll(EISoftAssert.java:52)
at com.ei.test_cases.filter.FiltersOnAlalrmsPage.numericFiltersTest(FiltersOnAlalrmsPage.java:61)
... Removed 28 stack frames]]>
    </failure>
  </testcase> <!-- numericFiltersTest -->
  <testcase name="textFiltersSpecificCharactersTest" time="5.991" classname="com.ei.test_cases.filter.FiltersOnAlalrmsPage">
    <failure type="java.lang.AssertionError" message="The following asserts failed:
	expected [true] but found [false],
	expected [true] but found [false],
	imap_client.exe (10232) doesn`t match file.exe (10232) expected [true] but found [false],
	imap_client.exe (10232) doesn`t match file.exe (10232) expected [true] but found [false],
	imap_client.exe (10232) doesn`t match file.exe (10232) expected [true] but found [false],
	imap_client.exe (10232) doesn`t match file.exe (10232) expected [true] but found [false],
	imap_client.exe (10232) doesn`t match file.exe (10232) expected [true] but found [false],
	imap_client.exe (10232) doesn`t match file.exe (10232) expected [true] but found [false],
	imap_client.exe (10232) doesn`t match file.exe (10232) expected [true] but found [false],
	imap_client.exe (10232) doesn`t match file.exe (10232) expected [true] but found [false],
	imap_client.exe (10232) doesn`t match file.exe (10232) expected [true] but found [false],
	imap_client.exe (10232) doesn`t match registry.exe (10232) expected [true] but found [false],
	imap_client.exe (10232) doesn`t match registry.exe (10232) expected [true] but found [false],
	imap_client.exe (10232) doesn`t match file.exe (10232) expected [true] but found [false],
	imap_client.exe (10232) doesn`t match file.exe (10232) expected [true] but found [false],
	imap_client.exe (10232) doesn`t match file.exe (10232) expected [true] but found [false],
	imap_client.exe (10232) doesn`t match file.exe (10232) expected [true] but found [false],
	imap_client.exe (10232) doesn`t match registry.exe (10232) expected [true] but found [false],
	imap_client.exe (10232) doesn`t match registry.exe (10232) expected [true] but found [false],
	imap_client.exe (10232) doesn`t match file.exe (10232) expected [true] but found [false],
	imap_client.exe (10232) doesn`t match file.exe (10232) expected [true] but found [false],
	imap_client.exe (10232) doesn`t match file.exe (10232) expected [true] but found [false],
	imap_client.exe (10232) doesn`t match file.exe (10232) expected [true] but found [false],
	imap_client.exe (10232) doesn`t match file.exe (10232) expected [true] but found [false],
	imap_client.exe (10232) doesn`t match file.exe (10232) expected [true] but found [false],
	imap_client.exe (10232) doesn`t match registry.exe (10232) expected [true] but found [false],
	imap_client.exe (10232) doesn`t match registry.exe (10232) expected [true] but found [false],
	imap_client.exe (10232) doesn`t match registry.exe (10232) expected [true] but found [false]">
      <![CDATA[java.lang.AssertionError: The following asserts failed:
expected [true] but found [false],
expected [true] but found [false],
imap_client.exe (10232) doesn`t match file.exe (10232) expected [true] but found [false],
imap_client.exe (10232) doesn`t match file.exe (10232) expected [true] but found [false],
imap_client.exe (10232) doesn`t match file.exe (10232) expected [true] but found [false],
imap_client.exe (10232) doesn`t match file.exe (10232) expected [true] but found [false],
imap_client.exe (10232) doesn`t match file.exe (10232) expected [true] but found [false],
imap_client.exe (10232) doesn`t match file.exe (10232) expected [true] but found [false],
imap_client.exe (10232) doesn`t match file.exe (10232) expected [true] but found [false],
imap_client.exe (10232) doesn`t match file.exe (10232) expected [true] but found [false],
imap_client.exe (10232) doesn`t match file.exe (10232) expected [true] but found [false],
imap_client.exe (10232) doesn`t match registry.exe (10232) expected [true] but found [false],
imap_client.exe (10232) doesn`t match registry.exe (10232) expected [true] but found [false],
imap_client.exe (10232) doesn`t match file.exe (10232) expected [true] but found [false],
imap_client.exe (10232) doesn`t match file.exe (10232) expected [true] but found [false],
imap_client.exe (10232) doesn`t match file.exe (10232) expected [true] but found [false],
imap_client.exe (10232) doesn`t match file.exe (10232) expected [true] but found [false],
imap_client.exe (10232) doesn`t match registry.exe (10232) expected [true] but found [false],
imap_client.exe (10232) doesn`t match registry.exe (10232) expected [true] but found [false],
imap_client.exe (10232) doesn`t match file.exe (10232) expected [true] but found [false],
imap_client.exe (10232) doesn`t match file.exe (10232) expected [true] but found [false],
imap_client.exe (10232) doesn`t match file.exe (10232) expected [true] but found [false],
imap_client.exe (10232) doesn`t match file.exe (10232) expected [true] but found [false],
imap_client.exe (10232) doesn`t match file.exe (10232) expected [true] but found [false],
imap_client.exe (10232) doesn`t match file.exe (10232) expected [true] but found [false],
imap_client.exe (10232) doesn`t match registry.exe (10232) expected [true] but found [false],
imap_client.exe (10232) doesn`t match registry.exe (10232) expected [true] but found [false],
imap_client.exe (10232) doesn`t match registry.exe (10232) expected [true] but found [false]
at com.ei.util.EISoftAssert.assertAll(EISoftAssert.java:52)
at com.ei.test_cases.filter.FiltersOnAlalrmsPage.textFiltersSpecificCharactersTest(FiltersOnAlalrmsPage.java:72)
... Removed 28 stack frames]]>
    </failure>
  </testcase> <!-- textFiltersSpecificCharactersTest -->
  <testcase name="textFiltersSpecificCharactersTest" time="5.961" classname="com.ei.test_cases.filter.FiltersOnAlalrmsPage">
    <failure type="java.lang.AssertionError" message="The following asserts failed:
	expected [true] but found [false],
	expected [true] but found [false],
	imap_client.exe (10232) doesn`t match file.exe (10232) expected [true] but found [false],
	imap_client.exe (10232) doesn`t match file.exe (10232) expected [true] but found [false],
	imap_client.exe (10232) doesn`t match file.exe (10232) expected [true] but found [false],
	imap_client.exe (10232) doesn`t match file.exe (10232) expected [true] but found [false],
	imap_client.exe (10232) doesn`t match file.exe (10232) expected [true] but found [false],
	imap_client.exe (10232) doesn`t match file.exe (10232) expected [true] but found [false],
	imap_client.exe (10232) doesn`t match file.exe (10232) expected [true] but found [false],
	imap_client.exe (10232) doesn`t match file.exe (10232) expected [true] but found [false],
	imap_client.exe (10232) doesn`t match file.exe (10232) expected [true] but found [false],
	imap_client.exe (10232) doesn`t match registry.exe (10232) expected [true] but found [false],
	imap_client.exe (10232) doesn`t match registry.exe (10232) expected [true] but found [false],
	imap_client.exe (10232) doesn`t match file.exe (10232) expected [true] but found [false],
	imap_client.exe (10232) doesn`t match file.exe (10232) expected [true] but found [false],
	imap_client.exe (10232) doesn`t match file.exe (10232) expected [true] but found [false],
	imap_client.exe (10232) doesn`t match file.exe (10232) expected [true] but found [false],
	imap_client.exe (10232) doesn`t match registry.exe (10232) expected [true] but found [false],
	imap_client.exe (10232) doesn`t match registry.exe (10232) expected [true] but found [false],
	imap_client.exe (10232) doesn`t match file.exe (10232) expected [true] but found [false],
	imap_client.exe (10232) doesn`t match file.exe (10232) expected [true] but found [false],
	imap_client.exe (10232) doesn`t match file.exe (10232) expected [true] but found [false],
	imap_client.exe (10232) doesn`t match file.exe (10232) expected [true] but found [false],
	imap_client.exe (10232) doesn`t match file.exe (10232) expected [true] but found [false],
	imap_client.exe (10232) doesn`t match file.exe (10232) expected [true] but found [false],
	imap_client.exe (10232) doesn`t match registry.exe (10232) expected [true] but found [false],
	imap_client.exe (10232) doesn`t match registry.exe (10232) expected [true] but found [false],
	imap_client.exe (10232) doesn`t match registry.exe (10232) expected [true] but found [false]">
      <![CDATA[java.lang.AssertionError: The following asserts failed:
expected [true] but found [false],
expected [true] but found [false],
imap_client.exe (10232) doesn`t match file.exe (10232) expected [true] but found [false],
imap_client.exe (10232) doesn`t match file.exe (10232) expected [true] but found [false],
imap_client.exe (10232) doesn`t match file.exe (10232) expected [true] but found [false],
imap_client.exe (10232) doesn`t match file.exe (10232) expected [true] but found [false],
imap_client.exe (10232) doesn`t match file.exe (10232) expected [true] but found [false],
imap_client.exe (10232) doesn`t match file.exe (10232) expected [true] but found [false],
imap_client.exe (10232) doesn`t match file.exe (10232) expected [true] but found [false],
imap_client.exe (10232) doesn`t match file.exe (10232) expected [true] but found [false],
imap_client.exe (10232) doesn`t match file.exe (10232) expected [true] but found [false],
imap_client.exe (10232) doesn`t match registry.exe (10232) expected [true] but found [false],
imap_client.exe (10232) doesn`t match registry.exe (10232) expected [true] but found [false],
imap_client.exe (10232) doesn`t match file.exe (10232) expected [true] but found [false],
imap_client.exe (10232) doesn`t match file.exe (10232) expected [true] but found [false],
imap_client.exe (10232) doesn`t match file.exe (10232) expected [true] but found [false],
imap_client.exe (10232) doesn`t match file.exe (10232) expected [true] but found [false],
imap_client.exe (10232) doesn`t match registry.exe (10232) expected [true] but found [false],
imap_client.exe (10232) doesn`t match registry.exe (10232) expected [true] but found [false],
imap_client.exe (10232) doesn`t match file.exe (10232) expected [true] but found [false],
imap_client.exe (10232) doesn`t match file.exe (10232) expected [true] but found [false],
imap_client.exe (10232) doesn`t match file.exe (10232) expected [true] but found [false],
imap_client.exe (10232) doesn`t match file.exe (10232) expected [true] but found [false],
imap_client.exe (10232) doesn`t match file.exe (10232) expected [true] but found [false],
imap_client.exe (10232) doesn`t match file.exe (10232) expected [true] but found [false],
imap_client.exe (10232) doesn`t match registry.exe (10232) expected [true] but found [false],
imap_client.exe (10232) doesn`t match registry.exe (10232) expected [true] but found [false],
imap_client.exe (10232) doesn`t match registry.exe (10232) expected [true] but found [false]
at com.ei.util.EISoftAssert.assertAll(EISoftAssert.java:52)
at com.ei.test_cases.filter.FiltersOnAlalrmsPage.textFiltersSpecificCharactersTest(FiltersOnAlalrmsPage.java:72)
... Removed 28 stack frames]]>
    </failure>
  </testcase> <!-- textFiltersSpecificCharactersTest -->
  <testcase name="textFiltersSpecificCharactersTest" time="6.556" classname="com.ei.test_cases.filter.FiltersOnAlalrmsPage">
    <failure type="java.lang.AssertionError" message="The following asserts failed:
	expected [true] but found [false],
	expected [true] but found [false],
	imap_client.exe (10232) doesn`t match file.exe (10232) expected [true] but found [false],
	imap_client.exe (10232) doesn`t match file.exe (10232) expected [true] but found [false],
	imap_client.exe (10232) doesn`t match file.exe (10232) expected [true] but found [false],
	imap_client.exe (10232) doesn`t match file.exe (10232) expected [true] but found [false],
	imap_client.exe (10232) doesn`t match file.exe (10232) expected [true] but found [false],
	imap_client.exe (10232) doesn`t match file.exe (10232) expected [true] but found [false],
	imap_client.exe (10232) doesn`t match file.exe (10232) expected [true] but found [false],
	imap_client.exe (10232) doesn`t match file.exe (10232) expected [true] but found [false],
	imap_client.exe (10232) doesn`t match file.exe (10232) expected [true] but found [false],
	imap_client.exe (10232) doesn`t match registry.exe (10232) expected [true] but found [false],
	imap_client.exe (10232) doesn`t match registry.exe (10232) expected [true] but found [false],
	imap_client.exe (10232) doesn`t match file.exe (10232) expected [true] but found [false],
	imap_client.exe (10232) doesn`t match file.exe (10232) expected [true] but found [false],
	imap_client.exe (10232) doesn`t match file.exe (10232) expected [true] but found [false],
	imap_client.exe (10232) doesn`t match file.exe (10232) expected [true] but found [false],
	imap_client.exe (10232) doesn`t match registry.exe (10232) expected [true] but found [false],
	imap_client.exe (10232) doesn`t match registry.exe (10232) expected [true] but found [false],
	imap_client.exe (10232) doesn`t match file.exe (10232) expected [true] but found [false],
	imap_client.exe (10232) doesn`t match file.exe (10232) expected [true] but found [false],
	imap_client.exe (10232) doesn`t match file.exe (10232) expected [true] but found [false],
	imap_client.exe (10232) doesn`t match file.exe (10232) expected [true] but found [false],
	imap_client.exe (10232) doesn`t match file.exe (10232) expected [true] but found [false],
	imap_client.exe (10232) doesn`t match file.exe (10232) expected [true] but found [false],
	imap_client.exe (10232) doesn`t match registry.exe (10232) expected [true] but found [false],
	imap_client.exe (10232) doesn`t match registry.exe (10232) expected [true] but found [false],
	imap_client.exe (10232) doesn`t match registry.exe (10232) expected [true] but found [false]">
      <![CDATA[java.lang.AssertionError: The following asserts failed:
expected [true] but found [false],
expected [true] but found [false],
imap_client.exe (10232) doesn`t match file.exe (10232) expected [true] but found [false],
imap_client.exe (10232) doesn`t match file.exe (10232) expected [true] but found [false],
imap_client.exe (10232) doesn`t match file.exe (10232) expected [true] but found [false],
imap_client.exe (10232) doesn`t match file.exe (10232) expected [true] but found [false],
imap_client.exe (10232) doesn`t match file.exe (10232) expected [true] but found [false],
imap_client.exe (10232) doesn`t match file.exe (10232) expected [true] but found [false],
imap_client.exe (10232) doesn`t match file.exe (10232) expected [true] but found [false],
imap_client.exe (10232) doesn`t match file.exe (10232) expected [true] but found [false],
imap_client.exe (10232) doesn`t match file.exe (10232) expected [true] but found [false],
imap_client.exe (10232) doesn`t match registry.exe (10232) expected [true] but found [false],
imap_client.exe (10232) doesn`t match registry.exe (10232) expected [true] but found [false],
imap_client.exe (10232) doesn`t match file.exe (10232) expected [true] but found [false],
imap_client.exe (10232) doesn`t match file.exe (10232) expected [true] but found [false],
imap_client.exe (10232) doesn`t match file.exe (10232) expected [true] but found [false],
imap_client.exe (10232) doesn`t match file.exe (10232) expected [true] but found [false],
imap_client.exe (10232) doesn`t match registry.exe (10232) expected [true] but found [false],
imap_client.exe (10232) doesn`t match registry.exe (10232) expected [true] but found [false],
imap_client.exe (10232) doesn`t match file.exe (10232) expected [true] but found [false],
imap_client.exe (10232) doesn`t match file.exe (10232) expected [true] but found [false],
imap_client.exe (10232) doesn`t match file.exe (10232) expected [true] but found [false],
imap_client.exe (10232) doesn`t match file.exe (10232) expected [true] but found [false],
imap_client.exe (10232) doesn`t match file.exe (10232) expected [true] but found [false],
imap_client.exe (10232) doesn`t match file.exe (10232) expected [true] but found [false],
imap_client.exe (10232) doesn`t match registry.exe (10232) expected [true] but found [false],
imap_client.exe (10232) doesn`t match registry.exe (10232) expected [true] but found [false],
imap_client.exe (10232) doesn`t match registry.exe (10232) expected [true] but found [false]
at com.ei.util.EISoftAssert.assertAll(EISoftAssert.java:52)
at com.ei.test_cases.filter.FiltersOnAlalrmsPage.textFiltersSpecificCharactersTest(FiltersOnAlalrmsPage.java:72)
... Removed 28 stack frames]]>
    </failure>
  </testcase> <!-- textFiltersSpecificCharactersTest -->
  <testcase name="textFiltersSpecificCharactersTest" time="7.259" classname="com.ei.test_cases.filter.FiltersOnAlalrmsPage">
    <failure type="java.lang.AssertionError" message="The following asserts failed:
	expected [true] but found [false],
	expected [true] but found [false],
	imap_client.exe (10232) doesn`t match file.exe (10232) expected [true] but found [false],
	imap_client.exe (10232) doesn`t match file.exe (10232) expected [true] but found [false],
	imap_client.exe (10232) doesn`t match file.exe (10232) expected [true] but found [false],
	imap_client.exe (10232) doesn`t match file.exe (10232) expected [true] but found [false],
	imap_client.exe (10232) doesn`t match file.exe (10232) expected [true] but found [false],
	imap_client.exe (10232) doesn`t match file.exe (10232) expected [true] but found [false],
	imap_client.exe (10232) doesn`t match file.exe (10232) expected [true] but found [false],
	imap_client.exe (10232) doesn`t match file.exe (10232) expected [true] but found [false],
	imap_client.exe (10232) doesn`t match file.exe (10232) expected [true] but found [false],
	imap_client.exe (10232) doesn`t match registry.exe (10232) expected [true] but found [false],
	imap_client.exe (10232) doesn`t match registry.exe (10232) expected [true] but found [false],
	imap_client.exe (10232) doesn`t match file.exe (10232) expected [true] but found [false],
	imap_client.exe (10232) doesn`t match file.exe (10232) expected [true] but found [false],
	imap_client.exe (10232) doesn`t match file.exe (10232) expected [true] but found [false],
	imap_client.exe (10232) doesn`t match file.exe (10232) expected [true] but found [false],
	imap_client.exe (10232) doesn`t match registry.exe (10232) expected [true] but found [false],
	imap_client.exe (10232) doesn`t match registry.exe (10232) expected [true] but found [false],
	imap_client.exe (10232) doesn`t match file.exe (10232) expected [true] but found [false],
	imap_client.exe (10232) doesn`t match file.exe (10232) expected [true] but found [false],
	imap_client.exe (10232) doesn`t match file.exe (10232) expected [true] but found [false],
	imap_client.exe (10232) doesn`t match file.exe (10232) expected [true] but found [false],
	imap_client.exe (10232) doesn`t match file.exe (10232) expected [true] but found [false],
	imap_client.exe (10232) doesn`t match file.exe (10232) expected [true] but found [false],
	imap_client.exe (10232) doesn`t match registry.exe (10232) expected [true] but found [false],
	imap_client.exe (10232) doesn`t match registry.exe (10232) expected [true] but found [false],
	imap_client.exe (10232) doesn`t match registry.exe (10232) expected [true] but found [false]">
      <![CDATA[java.lang.AssertionError: The following asserts failed:
expected [true] but found [false],
expected [true] but found [false],
imap_client.exe (10232) doesn`t match file.exe (10232) expected [true] but found [false],
imap_client.exe (10232) doesn`t match file.exe (10232) expected [true] but found [false],
imap_client.exe (10232) doesn`t match file.exe (10232) expected [true] but found [false],
imap_client.exe (10232) doesn`t match file.exe (10232) expected [true] but found [false],
imap_client.exe (10232) doesn`t match file.exe (10232) expected [true] but found [false],
imap_client.exe (10232) doesn`t match file.exe (10232) expected [true] but found [false],
imap_client.exe (10232) doesn`t match file.exe (10232) expected [true] but found [false],
imap_client.exe (10232) doesn`t match file.exe (10232) expected [true] but found [false],
imap_client.exe (10232) doesn`t match file.exe (10232) expected [true] but found [false],
imap_client.exe (10232) doesn`t match registry.exe (10232) expected [true] but found [false],
imap_client.exe (10232) doesn`t match registry.exe (10232) expected [true] but found [false],
imap_client.exe (10232) doesn`t match file.exe (10232) expected [true] but found [false],
imap_client.exe (10232) doesn`t match file.exe (10232) expected [true] but found [false],
imap_client.exe (10232) doesn`t match file.exe (10232) expected [true] but found [false],
imap_client.exe (10232) doesn`t match file.exe (10232) expected [true] but found [false],
imap_client.exe (10232) doesn`t match registry.exe (10232) expected [true] but found [false],
imap_client.exe (10232) doesn`t match registry.exe (10232) expected [true] but found [false],
imap_client.exe (10232) doesn`t match file.exe (10232) expected [true] but found [false],
imap_client.exe (10232) doesn`t match file.exe (10232) expected [true] but found [false],
imap_client.exe (10232) doesn`t match file.exe (10232) expected [true] but found [false],
imap_client.exe (10232) doesn`t match file.exe (10232) expected [true] but found [false],
imap_client.exe (10232) doesn`t match file.exe (10232) expected [true] but found [false],
imap_client.exe (10232) doesn`t match file.exe (10232) expected [true] but found [false],
imap_client.exe (10232) doesn`t match registry.exe (10232) expected [true] but found [false],
imap_client.exe (10232) doesn`t match registry.exe (10232) expected [true] but found [false],
imap_client.exe (10232) doesn`t match registry.exe (10232) expected [true] but found [false]
at com.ei.util.EISoftAssert.assertAll(EISoftAssert.java:52)
at com.ei.test_cases.filter.FiltersOnAlalrmsPage.textFiltersSpecificCharactersTest(FiltersOnAlalrmsPage.java:72)
... Removed 28 stack frames]]>
    </failure>
  </testcase> <!-- textFiltersSpecificCharactersTest -->
  <testcase name="textFiltersSpecificCharactersTest" time="6.862" classname="com.ei.test_cases.filter.FiltersOnAlalrmsPage">
    <failure type="java.lang.AssertionError" message="The following asserts failed:
	expected [true] but found [false],
	expected [true] but found [false],
	imap_client.exe (10232) doesn`t match file.exe (10232) expected [true] but found [false],
	imap_client.exe (10232) doesn`t match file.exe (10232) expected [true] but found [false],
	imap_client.exe (10232) doesn`t match file.exe (10232) expected [true] but found [false],
	imap_client.exe (10232) doesn`t match file.exe (10232) expected [true] but found [false],
	imap_client.exe (10232) doesn`t match file.exe (10232) expected [true] but found [false],
	imap_client.exe (10232) doesn`t match file.exe (10232) expected [true] but found [false],
	imap_client.exe (10232) doesn`t match file.exe (10232) expected [true] but found [false],
	imap_client.exe (10232) doesn`t match file.exe (10232) expected [true] but found [false],
	imap_client.exe (10232) doesn`t match file.exe (10232) expected [true] but found [false],
	imap_client.exe (10232) doesn`t match registry.exe (10232) expected [true] but found [false],
	imap_client.exe (10232) doesn`t match registry.exe (10232) expected [true] but found [false],
	imap_client.exe (10232) doesn`t match file.exe (10232) expected [true] but found [false],
	imap_client.exe (10232) doesn`t match file.exe (10232) expected [true] but found [false],
	imap_client.exe (10232) doesn`t match file.exe (10232) expected [true] but found [false],
	imap_client.exe (10232) doesn`t match file.exe (10232) expected [true] but found [false],
	imap_client.exe (10232) doesn`t match registry.exe (10232) expected [true] but found [false],
	imap_client.exe (10232) doesn`t match registry.exe (10232) expected [true] but found [false],
	imap_client.exe (10232) doesn`t match file.exe (10232) expected [true] but found [false],
	imap_client.exe (10232) doesn`t match file.exe (10232) expected [true] but found [false],
	imap_client.exe (10232) doesn`t match file.exe (10232) expected [true] but found [false],
	imap_client.exe (10232) doesn`t match file.exe (10232) expected [true] but found [false],
	imap_client.exe (10232) doesn`t match file.exe (10232) expected [true] but found [false],
	imap_client.exe (10232) doesn`t match file.exe (10232) expected [true] but found [false],
	imap_client.exe (10232) doesn`t match registry.exe (10232) expected [true] but found [false],
	imap_client.exe (10232) doesn`t match registry.exe (10232) expected [true] but found [false],
	imap_client.exe (10232) doesn`t match registry.exe (10232) expected [true] but found [false]">
      <![CDATA[java.lang.AssertionError: The following asserts failed:
expected [true] but found [false],
expected [true] but found [false],
imap_client.exe (10232) doesn`t match file.exe (10232) expected [true] but found [false],
imap_client.exe (10232) doesn`t match file.exe (10232) expected [true] but found [false],
imap_client.exe (10232) doesn`t match file.exe (10232) expected [true] but found [false],
imap_client.exe (10232) doesn`t match file.exe (10232) expected [true] but found [false],
imap_client.exe (10232) doesn`t match file.exe (10232) expected [true] but found [false],
imap_client.exe (10232) doesn`t match file.exe (10232) expected [true] but found [false],
imap_client.exe (10232) doesn`t match file.exe (10232) expected [true] but found [false],
imap_client.exe (10232) doesn`t match file.exe (10232) expected [true] but found [false],
imap_client.exe (10232) doesn`t match file.exe (10232) expected [true] but found [false],
imap_client.exe (10232) doesn`t match registry.exe (10232) expected [true] but found [false],
imap_client.exe (10232) doesn`t match registry.exe (10232) expected [true] but found [false],
imap_client.exe (10232) doesn`t match file.exe (10232) expected [true] but found [false],
imap_client.exe (10232) doesn`t match file.exe (10232) expected [true] but found [false],
imap_client.exe (10232) doesn`t match file.exe (10232) expected [true] but found [false],
imap_client.exe (10232) doesn`t match file.exe (10232) expected [true] but found [false],
imap_client.exe (10232) doesn`t match registry.exe (10232) expected [true] but found [false],
imap_client.exe (10232) doesn`t match registry.exe (10232) expected [true] but found [false],
imap_client.exe (10232) doesn`t match file.exe (10232) expected [true] but found [false],
imap_client.exe (10232) doesn`t match file.exe (10232) expected [true] but found [false],
imap_client.exe (10232) doesn`t match file.exe (10232) expected [true] but found [false],
imap_client.exe (10232) doesn`t match file.exe (10232) expected [true] but found [false],
imap_client.exe (10232) doesn`t match file.exe (10232) expected [true] but found [false],
imap_client.exe (10232) doesn`t match file.exe (10232) expected [true] but found [false],
imap_client.exe (10232) doesn`t match registry.exe (10232) expected [true] but found [false],
imap_client.exe (10232) doesn`t match registry.exe (10232) expected [true] but found [false],
imap_client.exe (10232) doesn`t match registry.exe (10232) expected [true] but found [false]
at com.ei.util.EISoftAssert.assertAll(EISoftAssert.java:52)
at com.ei.test_cases.filter.FiltersOnAlalrmsPage.textFiltersSpecificCharactersTest(FiltersOnAlalrmsPage.java:72)
... Removed 28 stack frames]]>
    </failure>
  </testcase> <!-- textFiltersSpecificCharactersTest -->
  <testcase name="textFiltersTest" time="62.26" classname="com.ei.test_cases.filter.FiltersOnAlalrmsPage">
    <failure type="org.openqa.selenium.NoSuchElementException" message="no such element: Unable to locate element: {&amp;quot;method&amp;quot;:&amp;quot;xpath&amp;quot;,&amp;quot;selector&amp;quot;:&amp;quot;//div[contains(@id, &amp;apos;r:0, c:17&amp;apos;)]&amp;quot;}
  (Session info: chrome=77.0.3865.90)
For documentation on this error, please visit: https://www.seleniumhq.org/exceptions/no_such_element.html
Build info: version: &amp;apos;3.141.59&amp;apos;, revision: &amp;apos;e82be7d358&amp;apos;, time: &amp;apos;2018-11-14T08:17:03&amp;apos;
System info: host: &amp;apos;WS-LV-CP1904&amp;apos;, ip: &amp;apos;172.25.116.48&amp;apos;, os.name: &amp;apos;Windows 10&amp;apos;, os.arch: &amp;apos;amd64&amp;apos;, os.version: &amp;apos;10.0&amp;apos;, java.version: &amp;apos;1.8.0_181&amp;apos;
Driver info: org.openqa.selenium.chrome.ChromeDriver
Capabilities {acceptInsecureCerts: false, browserName: chrome, browserVersion: 77.0.3865.90, chrome: {chromedriverVersion: 76.0.3809.68 (420c9498db8ce..., userDataDir: C:\Users\VITALI~1.OME\AppDa...}, goog:chromeOptions: {debuggerAddress: localhost:12335}, javascriptEnabled: true, networkConnectionEnabled: false, pageLoadStrategy: normal, platform: XP, platformName: XP, proxy: Proxy(), setWindowRect: true, strictFileInteractability: false, timeouts: {implicit: 0, pageLoad: 300000, script: 30000}, unhandledPromptBehavior: dismiss and notify}
Session ID: 6c1142abbf9f2a57edb1fb91846b6ae0
*** Element info: {Using=xpath, value=//div[contains(@id, &amp;apos;r:0, c:17&amp;apos;)]}">
      <![CDATA[org.openqa.selenium.NoSuchElementException: no such element: Unable to locate element: {"method":"xpath","selector":"//div[contains(@id, 'r:0, c:17')]"}
  (Session info: chrome=77.0.3865.90)
For documentation on this error, please visit: https://www.seleniumhq.org/exceptions/no_such_element.html
Build info: version: '3.141.59', revision: 'e82be7d358', time: '2018-11-14T08:17:03'
System info: host: 'WS-LV-CP1904', ip: '172.25.116.48', os.name: 'Windows 10', os.arch: 'amd64', os.version: '10.0', java.version: '1.8.0_181'
Driver info: org.openqa.selenium.chrome.ChromeDriver
Capabilities {acceptInsecureCerts: false, browserName: chrome, browserVersion: 77.0.3865.90, chrome: {chromedriverVersion: 76.0.3809.68 (420c9498db8ce..., userDataDir: C:\Users\VITALI~1.OME\AppDa...}, goog:chromeOptions: {debuggerAddress: localhost:12335}, javascriptEnabled: true, networkConnectionEnabled: false, pageLoadStrategy: normal, platform: XP, platformName: XP, proxy: Proxy(), setWindowRect: true, strictFileInteractability: false, timeouts: {implicit: 0, pageLoad: 300000, script: 30000}, unhandledPromptBehavior: dismiss and notify}
Session ID: 6c1142abbf9f2a57edb1fb91846b6ae0
*** Element info: {Using=xpath, value=//div[contains(@id, 'r:0, c:17')]}
at org.openqa.selenium.remote.http.W3CHttpResponseCodec.createException(W3CHttpResponseCodec.java:187)
at org.openqa.selenium.remote.http.W3CHttpResponseCodec.decode(W3CHttpResponseCodec.java:122)
at org.openqa.selenium.remote.http.W3CHttpResponseCodec.decode(W3CHttpResponseCodec.java:49)
at org.openqa.selenium.remote.HttpCommandExecutor.execute(HttpCommandExecutor.java:158)
at org.openqa.selenium.remote.service.DriverCommandExecutor.execute(DriverCommandExecutor.java:83)
at org.openqa.selenium.remote.RemoteWebDriver.execute(RemoteWebDriver.java:552)
at org.openqa.selenium.remote.RemoteWebDriver.findElement(RemoteWebDriver.java:323)
at org.openqa.selenium.remote.RemoteWebDriver.findElementByXPath(RemoteWebDriver.java:428)
at org.openqa.selenium.By$ByXPath.findElement(By.java:353)
at org.openqa.selenium.remote.RemoteWebDriver.findElement(RemoteWebDriver.java:315)
at com.ei.pageObjects.BasePage$3.apply(BasePage.java:85)
at com.ei.pageObjects.BasePage$3.apply(BasePage.java:80)
at org.openqa.selenium.support.ui.FluentWait.until(FluentWait.java:249)
at com.ei.pageObjects.BasePage.waitForUnusualElement(BasePage.java:80)
at com.ei.pageObjects.common.component.TableComponent.getWebElementByColumnNameAndRowNumber(TableComponent.java:42)
at com.ei.businessObjects.FilterOperationsBO.getRandomValue(FilterOperationsBO.java:50)
at com.ei.util.TestUtils.getFilterResult(TestUtils.java:55)
at com.ei.test_cases.filter.FiltersOnAlalrmsPage.textFiltersTest(FiltersOnAlalrmsPage.java:43)
... Removed 31 stack frames]]>
    </failure>
  </testcase> <!-- textFiltersTest -->
  <testcase name="numericFiltersTest" time="8.193" classname="com.ei.test_cases.filter.FiltersOnAlarmRulesPage">
    <failure type="java.lang.AssertionError" message="The following asserts failed:
	expected [true] but found [false],
	expected [true] but found [false],
	imap_client.exe (10232) doesn`t match file.exe (10232) expected [true] but found [false],
	imap_client.exe (10232) doesn`t match file.exe (10232) expected [true] but found [false],
	imap_client.exe (10232) doesn`t match file.exe (10232) expected [true] but found [false],
	imap_client.exe (10232) doesn`t match file.exe (10232) expected [true] but found [false],
	imap_client.exe (10232) doesn`t match file.exe (10232) expected [true] but found [false],
	imap_client.exe (10232) doesn`t match file.exe (10232) expected [true] but found [false],
	imap_client.exe (10232) doesn`t match file.exe (10232) expected [true] but found [false],
	imap_client.exe (10232) doesn`t match file.exe (10232) expected [true] but found [false],
	imap_client.exe (10232) doesn`t match file.exe (10232) expected [true] but found [false],
	imap_client.exe (10232) doesn`t match registry.exe (10232) expected [true] but found [false],
	imap_client.exe (10232) doesn`t match registry.exe (10232) expected [true] but found [false],
	imap_client.exe (10232) doesn`t match file.exe (10232) expected [true] but found [false],
	imap_client.exe (10232) doesn`t match file.exe (10232) expected [true] but found [false],
	imap_client.exe (10232) doesn`t match file.exe (10232) expected [true] but found [false],
	imap_client.exe (10232) doesn`t match file.exe (10232) expected [true] but found [false],
	imap_client.exe (10232) doesn`t match registry.exe (10232) expected [true] but found [false],
	imap_client.exe (10232) doesn`t match registry.exe (10232) expected [true] but found [false],
	imap_client.exe (10232) doesn`t match file.exe (10232) expected [true] but found [false],
	imap_client.exe (10232) doesn`t match file.exe (10232) expected [true] but found [false],
	imap_client.exe (10232) doesn`t match file.exe (10232) expected [true] but found [false],
	imap_client.exe (10232) doesn`t match file.exe (10232) expected [true] but found [false],
	imap_client.exe (10232) doesn`t match file.exe (10232) expected [true] but found [false],
	imap_client.exe (10232) doesn`t match file.exe (10232) expected [true] but found [false],
	imap_client.exe (10232) doesn`t match registry.exe (10232) expected [true] but found [false],
	imap_client.exe (10232) doesn`t match registry.exe (10232) expected [true] but found [false],
	imap_client.exe (10232) doesn`t match registry.exe (10232) expected [true] but found [false],
	PROCESS_NAME set to imap_client.exe (1944). 0 records returned, had to be at least 1 record expected [true] but found [false],
	PARENT_PROCESS_NAME set to Unknown. 0 records returned, had to be at least 1 record expected [true] but found [false],
	COMMAND_LINE set to files\http_request.exe http://allnod.com. 0 records returned, had to be at least 1 record expected [true] but found [false],
	USERNAME set to wserv2016ei\administrator. 0 records returned, had to be at least 1 record expected [true] but found [false],
	FULL_NAME set to Unknown. 0 records returned, had to be at least 1 record expected [true] but found [false],
	JOB_POSITION set to Unknown. 0 records returned, had to be at least 1 record expected [true] but found [false],
	USER_DEPARTMENT set to Unknown. 0 records returned, had to be at least 1 record expected [true] but found [false]">
      <![CDATA[java.lang.AssertionError: The following asserts failed:
expected [true] but found [false],
expected [true] but found [false],
imap_client.exe (10232) doesn`t match file.exe (10232) expected [true] but found [false],
imap_client.exe (10232) doesn`t match file.exe (10232) expected [true] but found [false],
imap_client.exe (10232) doesn`t match file.exe (10232) expected [true] but found [false],
imap_client.exe (10232) doesn`t match file.exe (10232) expected [true] but found [false],
imap_client.exe (10232) doesn`t match file.exe (10232) expected [true] but found [false],
imap_client.exe (10232) doesn`t match file.exe (10232) expected [true] but found [false],
imap_client.exe (10232) doesn`t match file.exe (10232) expected [true] but found [false],
imap_client.exe (10232) doesn`t match file.exe (10232) expected [true] but found [false],
imap_client.exe (10232) doesn`t match file.exe (10232) expected [true] but found [false],
imap_client.exe (10232) doesn`t match registry.exe (10232) expected [true] but found [false],
imap_client.exe (10232) doesn`t match registry.exe (10232) expected [true] but found [false],
imap_client.exe (10232) doesn`t match file.exe (10232) expected [true] but found [false],
imap_client.exe (10232) doesn`t match file.exe (10232) expected [true] but found [false],
imap_client.exe (10232) doesn`t match file.exe (10232) expected [true] but found [false],
imap_client.exe (10232) doesn`t match file.exe (10232) expected [true] but found [false],
imap_client.exe (10232) doesn`t match registry.exe (10232) expected [true] but found [false],
imap_client.exe (10232) doesn`t match registry.exe (10232) expected [true] but found [false],
imap_client.exe (10232) doesn`t match file.exe (10232) expected [true] but found [false],
imap_client.exe (10232) doesn`t match file.exe (10232) expected [true] but found [false],
imap_client.exe (10232) doesn`t match file.exe (10232) expected [true] but found [false],
imap_client.exe (10232) doesn`t match file.exe (10232) expected [true] but found [false],
imap_client.exe (10232) doesn`t match file.exe (10232) expected [true] but found [false],
imap_client.exe (10232) doesn`t match file.exe (10232) expected [true] but found [false],
imap_client.exe (10232) doesn`t match registry.exe (10232) expected [true] but found [false],
imap_client.exe (10232) doesn`t match registry.exe (10232) expected [true] but found [false],
imap_client.exe (10232) doesn`t match registry.exe (10232) expected [true] but found [false],
PROCESS_NAME set to imap_client.exe (1944). 0 records returned, had to be at least 1 record expected [true] but found [false],
PARENT_PROCESS_NAME set to Unknown. 0 records returned, had to be at least 1 record expected [true] but found [false],
COMMAND_LINE set to files\http_request.exe http://allnod.com. 0 records returned, had to be at least 1 record expected [true] but found [false],
USERNAME set to wserv2016ei\administrator. 0 records returned, had to be at least 1 record expected [true] but found [false],
FULL_NAME set to Unknown. 0 records returned, had to be at least 1 record expected [true] but found [false],
JOB_POSITION set to Unknown. 0 records returned, had to be at least 1 record expected [true] but found [false],
USER_DEPARTMENT set to Unknown. 0 records returned, had to be at least 1 record expected [true] but found [false]
at com.ei.util.EISoftAssert.assertAll(EISoftAssert.java:52)
at com.ei.test_cases.filter.FiltersOnAlarmRulesPage.numericFiltersTest(FiltersOnAlarmRulesPage.java:53)
... Removed 28 stack frames]]>
    </failure>
  </testcase> <!-- numericFiltersTest -->
  <testcase name="textFiltersTest" time="26.839" classname="com.ei.test_cases.filter.FiltersOnAlarmRulesPage">
    <failure type="java.lang.AssertionError" message="The following asserts failed:
	expected [true] but found [false],
	expected [true] but found [false],
	imap_client.exe (10232) doesn`t match file.exe (10232) expected [true] but found [false],
	imap_client.exe (10232) doesn`t match file.exe (10232) expected [true] but found [false],
	imap_client.exe (10232) doesn`t match file.exe (10232) expected [true] but found [false],
	imap_client.exe (10232) doesn`t match file.exe (10232) expected [true] but found [false],
	imap_client.exe (10232) doesn`t match file.exe (10232) expected [true] but found [false],
	imap_client.exe (10232) doesn`t match file.exe (10232) expected [true] but found [false],
	imap_client.exe (10232) doesn`t match file.exe (10232) expected [true] but found [false],
	imap_client.exe (10232) doesn`t match file.exe (10232) expected [true] but found [false],
	imap_client.exe (10232) doesn`t match file.exe (10232) expected [true] but found [false],
	imap_client.exe (10232) doesn`t match registry.exe (10232) expected [true] but found [false],
	imap_client.exe (10232) doesn`t match registry.exe (10232) expected [true] but found [false],
	imap_client.exe (10232) doesn`t match file.exe (10232) expected [true] but found [false],
	imap_client.exe (10232) doesn`t match file.exe (10232) expected [true] but found [false],
	imap_client.exe (10232) doesn`t match file.exe (10232) expected [true] but found [false],
	imap_client.exe (10232) doesn`t match file.exe (10232) expected [true] but found [false],
	imap_client.exe (10232) doesn`t match registry.exe (10232) expected [true] but found [false],
	imap_client.exe (10232) doesn`t match registry.exe (10232) expected [true] but found [false],
	imap_client.exe (10232) doesn`t match file.exe (10232) expected [true] but found [false],
	imap_client.exe (10232) doesn`t match file.exe (10232) expected [true] but found [false],
	imap_client.exe (10232) doesn`t match file.exe (10232) expected [true] but found [false],
	imap_client.exe (10232) doesn`t match file.exe (10232) expected [true] but found [false],
	imap_client.exe (10232) doesn`t match file.exe (10232) expected [true] but found [false],
	imap_client.exe (10232) doesn`t match file.exe (10232) expected [true] but found [false],
	imap_client.exe (10232) doesn`t match registry.exe (10232) expected [true] but found [false],
	imap_client.exe (10232) doesn`t match registry.exe (10232) expected [true] but found [false],
	imap_client.exe (10232) doesn`t match registry.exe (10232) expected [true] but found [false],
	PROCESS_NAME set to imap_client.exe (1944). 0 records returned, had to be at least 1 record expected [true] but found [false],
	PARENT_PROCESS_NAME set to Unknown. 0 records returned, had to be at least 1 record expected [true] but found [false],
	COMMAND_LINE set to files\http_request.exe http://allnod.com. 0 records returned, had to be at least 1 record expected [true] but found [false],
	USERNAME set to wserv2016ei\administrator. 0 records returned, had to be at least 1 record expected [true] but found [false],
	FULL_NAME set to Unknown. 0 records returned, had to be at least 1 record expected [true] but found [false],
	JOB_POSITION set to Unknown. 0 records returned, had to be at least 1 record expected [true] but found [false],
	USER_DEPARTMENT set to Unknown. 0 records returned, had to be at least 1 record expected [true] but found [false],
	RULE_NAME set to Certutil with -urlcache parameter executed [A0425]. 0 records returned, had to be at least 1 record expected [true] but found [false],
	LAST_CHANGE_BY set to Unknown. 0 records returned, had to be at least 1 record expected [true] but found [false]">
      <![CDATA[java.lang.AssertionError: The following asserts failed:
expected [true] but found [false],
expected [true] but found [false],
imap_client.exe (10232) doesn`t match file.exe (10232) expected [true] but found [false],
imap_client.exe (10232) doesn`t match file.exe (10232) expected [true] but found [false],
imap_client.exe (10232) doesn`t match file.exe (10232) expected [true] but found [false],
imap_client.exe (10232) doesn`t match file.exe (10232) expected [true] but found [false],
imap_client.exe (10232) doesn`t match file.exe (10232) expected [true] but found [false],
imap_client.exe (10232) doesn`t match file.exe (10232) expected [true] but found [false],
imap_client.exe (10232) doesn`t match file.exe (10232) expected [true] but found [false],
imap_client.exe (10232) doesn`t match file.exe (10232) expected [true] but found [false],
imap_client.exe (10232) doesn`t match file.exe (10232) expected [true] but found [false],
imap_client.exe (10232) doesn`t match registry.exe (10232) expected [true] but found [false],
imap_client.exe (10232) doesn`t match registry.exe (10232) expected [true] but found [false],
imap_client.exe (10232) doesn`t match file.exe (10232) expected [true] but found [false],
imap_client.exe (10232) doesn`t match file.exe (10232) expected [true] but found [false],
imap_client.exe (10232) doesn`t match file.exe (10232) expected [true] but found [false],
imap_client.exe (10232) doesn`t match file.exe (10232) expected [true] but found [false],
imap_client.exe (10232) doesn`t match registry.exe (10232) expected [true] but found [false],
imap_client.exe (10232) doesn`t match registry.exe (10232) expected [true] but found [false],
imap_client.exe (10232) doesn`t match file.exe (10232) expected [true] but found [false],
imap_client.exe (10232) doesn`t match file.exe (10232) expected [true] but found [false],
imap_client.exe (10232) doesn`t match file.exe (10232) expected [true] but found [false],
imap_client.exe (10232) doesn`t match file.exe (10232) expected [true] but found [false],
imap_client.exe (10232) doesn`t match file.exe (10232) expected [true] but found [false],
imap_client.exe (10232) doesn`t match file.exe (10232) expected [true] but found [false],
imap_client.exe (10232) doesn`t match registry.exe (10232) expected [true] but found [false],
imap_client.exe (10232) doesn`t match registry.exe (10232) expected [true] but found [false],
imap_client.exe (10232) doesn`t match registry.exe (10232) expected [true] but found [false],
PROCESS_NAME set to imap_client.exe (1944). 0 records returned, had to be at least 1 record expected [true] but found [false],
PARENT_PROCESS_NAME set to Unknown. 0 records returned, had to be at least 1 record expected [true] but found [false],
COMMAND_LINE set to files\http_request.exe http://allnod.com. 0 records returned, had to be at least 1 record expected [true] but found [false],
USERNAME set to wserv2016ei\administrator. 0 records returned, had to be at least 1 record expected [true] but found [false],
FULL_NAME set to Unknown. 0 records returned, had to be at least 1 record expected [true] but found [false],
JOB_POSITION set to Unknown. 0 records returned, had to be at least 1 record expected [true] but found [false],
USER_DEPARTMENT set to Unknown. 0 records returned, had to be at least 1 record expected [true] but found [false],
RULE_NAME set to Certutil with -urlcache parameter executed [A0425]. 0 records returned, had to be at least 1 record expected [true] but found [false],
LAST_CHANGE_BY set to Unknown. 0 records returned, had to be at least 1 record expected [true] but found [false]
at com.ei.util.EISoftAssert.assertAll(EISoftAssert.java:52)
at com.ei.test_cases.filter.FiltersOnAlarmRulesPage.textFiltersTest(FiltersOnAlarmRulesPage.java:38)
... Removed 28 stack frames]]>
    </failure>
  </testcase> <!-- textFiltersTest -->
  <testcase name="@AfterSuite afterSuite" time="0.0" classname="com.ei.test_cases.BaseTest">
    <ignored/>
  </testcase> <!-- @AfterSuite afterSuite -->
  <testcase name="@BeforeSuite beforeSuite" time="0.0" classname="com.ei.test_cases.BaseTest">
    <ignored/>
  </testcase> <!-- @BeforeSuite beforeSuite -->
</testsuite> <!-- Filters -->
