<?xml version="1.0" encoding="UTF-8"?>
<!-- Generated by org.testng.reporters.JUnitXMLReporter -->
<testsuite hostname="ws-lv-cp1904" ignored="2" name="Login" tests="2" failures="0" timestamp="04 жовт. 2019 14:21:14 GMT" time="4.542" errors="0">
  <testcase name="loginAsInvalidNativeUserTest" time="2.021" classname="com.ei.test_cases.login.LoginTest"/>
  <testcase name="loginAsValidNativeUserTest" time="2.275" classname="com.ei.test_cases.login.LoginTest"/>
  <testcase name="loginAsValidDomainUserTest" time="0.0" classname="com.ei.test_cases.login.LoginTest">
    <ignored/>
  </testcase> <!-- loginAsValidDomainUserTest -->
  <testcase name="loginAsInvalidDomainUserTest" time="0.0" classname="com.ei.test_cases.login.LoginTest">
    <ignored/>
  </testcase> <!-- loginAsInvalidDomainUserTest -->
</testsuite> <!-- Login -->
