<?xml version="1.0" encoding="UTF-8"?>
<!-- Generated by org.testng.reporters.JUnitXMLReporter -->
<testsuite hostname="ws-lv-cp1904" ignored="2" name="Sorting" tests="3" failures="1" timestamp="04 жовт. 2019 14:25:04 GMT" time="229.324" errors="0">
  <testcase name="navigationToAdminRulesPageTest" time="3.485" classname="com.ei.test_cases.sorting.SortingOnAdminRulesPage"/>
  <testcase name="sortingTextColumnsTest" time="31.484" classname="com.ei.test_cases.sorting.SortingOnAdminRulesPage"/>
  <testcase name="sortingTextColumnsTest" time="192.617" classname="com.ei.test_cases.sorting.SortingOnAlarmsPage">
    <failure type="java.lang.AssertionError" message="The following asserts failed:
	expected [true] but found [false],
	expected [true] but found [false]">
      <![CDATA[java.lang.AssertionError: The following asserts failed:
expected [true] but found [false],
expected [true] but found [false]
at com.ei.util.EISoftAssert.assertAll(EISoftAssert.java:52)
at com.ei.test_cases.sorting.SortingOnAlarmsPage.sortingTextColumnsTest(SortingOnAlarmsPage.java:29)
... Removed 28 stack frames]]>
    </failure>
  </testcase> <!-- sortingTextColumnsTest -->
  <testcase name="@AfterSuite afterSuite" time="0.0" classname="com.ei.test_cases.BaseTest">
    <ignored/>
  </testcase> <!-- @AfterSuite afterSuite -->
  <testcase name="@BeforeSuite beforeSuite" time="0.0" classname="com.ei.test_cases.BaseTest">
    <ignored/>
  </testcase> <!-- @BeforeSuite beforeSuite -->
</testsuite> <!-- Sorting -->
