<?xml version="1.0" encoding="UTF-8"?>
<!-- Generated by org.testng.reporters.JUnitXMLReporter -->
<testsuite hostname="ws-lv-cp1904" ignored="2" name="Default test" tests="2" failures="0" timestamp="28 вер. 2019 13:48:25 GMT" time="2.882" errors="0">
  <testcase name="loginAsInvalidNativeUserTest" time="1.647" classname="com.ei.testCases.Login.LoginTest"/>
  <testcase name="loginAsValidNativeUserTest" time="1.219" classname="com.ei.testCases.Login.LoginTest"/>
  <testcase name="loginAsValidDomainUserTest" time="0.0" classname="com.ei.testCases.Login.LoginTest">
    <ignored/>
  </testcase> <!-- loginAsValidDomainUserTest -->
  <testcase name="loginAsInvalidDomainUserTest" time="0.0" classname="com.ei.testCases.Login.LoginTest">
    <ignored/>
  </testcase> <!-- loginAsInvalidDomainUserTest -->
</testsuite> <!-- Default test -->
