<?xml version="1.0" encoding="UTF-8"?>
<testsuite xmlns:xsi="http://www.w3.org/2001/XMLSchema-instance" xsi:noNamespaceSchemaLocation="https://maven.apache.org/surefire/maven-surefire-plugin/xsd/surefire-test-report-3.0.xsd" version="3.0" name="TestSuite" time="8.646" tests="3" errors="0" skipped="0" failures="3">
  <properties>
[...]
</properties>
  <testcase name="loginAsNativeUserTest" classname="com.ei.testCases.LoginTests.LoginPageTest" time="0.005">
    <failure type="java.lang.NullPointerException">java.lang.NullPointerException
	at com.ei.testCases.LoginTests.LoginPageTest.loginAsNativeUserTest(LoginPageTest.java:20)
</failure>
    <system-out><![CDATA[...
... TestNG 6.14.3 by C?dric Beust (cedric@beust.com)
...

---@BeforeSuite
---@BeforeMethod
]]></system-out>
    <system-err><![CDATA[Starting ChromeDriver 74.0.3729.6 (255758eccf3d244491b8a1317aa76e1ce10d57e9-refs/branch-heads/3729@{#29}) on port 41311
Only local connections are allowed.
Please protect ports used by ChromeDriver and related test frameworks to prevent access by malicious code.
[1563975029.860][WARNING]: This version of ChromeDriver has not been tested with Chrome version 75.
[1563975031.872][WARNING]: Timed out connecting to Chrome, retrying...
лип. 24, 2019 4:30:33 PM org.openqa.selenium.remote.ProtocolHandshake createSession
INFO: Detected dialect: OSS
]]></system-err>
  </testcase>
  <testcase name="loginAsDomainUserTest" classname="com.ei.testCases.LoginTests.LoginPageTest" time="0">
    <failure type="java.lang.NullPointerException">java.lang.NullPointerException
	at com.ei.testCases.LoginTests.LoginPageTest.loginAsDomainUserTest(LoginPageTest.java:31)
</failure>
    <system-out><![CDATA[---@AfterMethod
---@BeforeMethod
]]></system-out>
  </testcase>
  <testcase name="afterSuite" classname="com.ei.testCases.LoginTests.LoginPageTest" time="0.695">
    <failure message="Session ID is null. Using WebDriver after calling quit()?&#10;Build info: version: &apos;3.141.59&apos;, revision: &apos;e82be7d358&apos;, time: &apos;2018-11-14T08:17:03&apos;&#10;System info: host: &apos;WS-LV-CP1904&apos;, ip: &apos;172.25.116.48&apos;, os.name: &apos;Windows 10&apos;, os.arch: &apos;amd64&apos;, os.version: &apos;10.0&apos;, java.version: &apos;1.8.0_181&apos;&#10;Driver info: driver.version: RemoteWebDriver" type="org.openqa.selenium.NoSuchSessionException">org.openqa.selenium.NoSuchSessionException: 
Session ID is null. Using WebDriver after calling quit()?
Build info: version: '3.141.59', revision: 'e82be7d358', time: '2018-11-14T08:17:03'
System info: host: 'WS-LV-CP1904', ip: '172.25.116.48', os.name: 'Windows 10', os.arch: 'amd64', os.version: '10.0', java.version: '1.8.0_181'
Driver info: driver.version: RemoteWebDriver
</failure>
    <system-out><![CDATA[---@AfterMethod
---@AfterSuite
]]></system-out>
  </testcase>
</testsuite>