<?xml version="1.0" encoding="UTF-8"?>
<testng-results skipped="0" failed="0" ignored="0" total="1" passed="1">
  <reporter-output>
  </reporter-output>
  <suite name="Default suite" duration-ms="7264" started-at="2019-08-12T21:06:24Z" finished-at="2019-08-12T21:06:31Z">
    <groups>
    </groups>
    <test name="Default test" duration-ms="7264" started-at="2019-08-12T21:06:24Z" finished-at="2019-08-12T21:06:31Z">
      <class name="com.ei.testCases.DummyTest">
        <test-method status="PASS" signature="beforeSuite()[pri:0, instance:com.ei.testCases.DummyTest@4501b7af]" name="beforeSuite" is-config="true" duration-ms="5898" started-at="2019-08-12T21:06:18Z" finished-at="2019-08-12T21:06:24Z">
          <reporter-output>
          </reporter-output>
        </test-method> <!-- beforeSuite -->
        <test-method status="PASS" signature="beforeMethod()[pri:0, instance:com.ei.testCases.DummyTest@4501b7af]" name="beforeMethod" is-config="true" duration-ms="659" started-at="2019-08-12T21:06:24Z" finished-at="2019-08-12T21:06:24Z">
          <reporter-output>
          </reporter-output>
        </test-method> <!-- beforeMethod -->
        <test-method status="PASS" signature="dummyTest()[pri:1, instance:com.ei.testCases.DummyTest@4501b7af]" name="dummyTest" duration-ms="6593" started-at="2019-08-12T21:06:24Z" finished-at="2019-08-12T21:06:31Z">
          <reporter-output>
          </reporter-output>
        </test-method> <!-- dummyTest -->
        <test-method status="PASS" signature="afterMethod()[pri:0, instance:com.ei.testCases.DummyTest@4501b7af]" name="afterMethod" is-config="true" duration-ms="1" started-at="2019-08-12T21:06:31Z" finished-at="2019-08-12T21:06:31Z">
          <reporter-output>
          </reporter-output>
        </test-method> <!-- afterMethod -->
        <test-method status="PASS" signature="afterSuite()[pri:0, instance:com.ei.testCases.DummyTest@4501b7af]" name="afterSuite" is-config="true" duration-ms="684" started-at="2019-08-12T21:06:31Z" finished-at="2019-08-12T21:06:32Z">
          <reporter-output>
          </reporter-output>
        </test-method> <!-- afterSuite -->
      </class> <!-- com.ei.testCases.DummyTest -->
    </test> <!-- Default test -->
  </suite> <!-- Default suite -->
</testng-results>
