<?xml version="1.0" encoding="UTF-8"?>
<testng-results skipped="0" failed="0" ignored="3" total="6" passed="3">
  <reporter-output>
  </reporter-output>
  <suite name="Regression" duration-ms="12745" started-at="2019-10-02T21:36:26Z" finished-at="2019-10-02T21:36:39Z">
    <groups>
    </groups>
    <test name="Login" duration-ms="4568" started-at="2019-10-02T21:36:26Z" finished-at="2019-10-02T21:36:30Z">
      <class name="com.ei.testCases.Login.LoginTest">
        <test-method status="PASS" signature="loginAsInvalidNativeUserTest()[pri:0, instance:com.ei.testCases.Login.LoginTest@77cf3f8b]" name="loginAsInvalidNativeUserTest" duration-ms="2070" started-at="2019-10-02T21:36:26Z" finished-at="2019-10-02T21:36:28Z">
          <reporter-output>
          </reporter-output>
        </test-method> <!-- loginAsInvalidNativeUserTest -->
        <test-method status="PASS" signature="loginAsValidNativeUserTest()[pri:0, instance:com.ei.testCases.Login.LoginTest@77cf3f8b]" name="loginAsValidNativeUserTest" duration-ms="2271" started-at="2019-10-02T21:36:28Z" finished-at="2019-10-02T21:36:30Z">
          <reporter-output>
          </reporter-output>
        </test-method> <!-- loginAsValidNativeUserTest -->
      </class> <!-- com.ei.testCases.Login.LoginTest -->
    </test> <!-- Login -->
    <test name="Filters" duration-ms="8126" started-at="2019-10-02T21:36:30Z" finished-at="2019-10-02T21:36:39Z">
      <class name="com.ei.testCases.LocalFilters.FiltersOnAlarmRulesPage">
        <test-method status="PASS" signature="beforeSuite()[pri:0, instance:com.ei.testCases.LocalFilters.FiltersOnAlarmRulesPage@13579834]" name="beforeSuite" is-config="true" duration-ms="7480" started-at="2019-10-02T21:36:18Z" finished-at="2019-10-02T21:36:26Z">
          <reporter-output>
          </reporter-output>
        </test-method> <!-- beforeSuite -->
        <test-method status="PASS" signature="loginToEIConsole()[pri:0, instance:com.ei.testCases.LocalFilters.FiltersOnAlarmRulesPage@13579834]" name="loginToEIConsole" is-config="true" duration-ms="427" started-at="2019-10-02T21:36:30Z" finished-at="2019-10-02T21:36:31Z">
          <reporter-output>
          </reporter-output>
        </test-method> <!-- loginToEIConsole -->
        <test-method status="PASS" signature="numericFiltersTest()[pri:0, instance:com.ei.testCases.LocalFilters.FiltersOnAlarmRulesPage@13579834]" name="numericFiltersTest" duration-ms="7582" started-at="2019-10-02T21:36:31Z" finished-at="2019-10-02T21:36:38Z">
          <reporter-output>
          </reporter-output>
        </test-method> <!-- numericFiltersTest -->
        <test-method status="PASS" signature="logoutOfEIConsole()[pri:0, instance:com.ei.testCases.LocalFilters.FiltersOnAlarmRulesPage@13579834]" name="logoutOfEIConsole" is-config="true" duration-ms="89" started-at="2019-10-02T21:36:39Z" finished-at="2019-10-02T21:36:39Z">
          <reporter-output>
          </reporter-output>
        </test-method> <!-- logoutOfEIConsole -->
        <test-method status="PASS" signature="afterSuite()[pri:0, instance:com.ei.testCases.LocalFilters.FiltersOnAlarmRulesPage@13579834]" name="afterSuite" is-config="true" duration-ms="675" started-at="2019-10-02T21:36:39Z" finished-at="2019-10-02T21:36:39Z">
          <reporter-output>
          </reporter-output>
        </test-method> <!-- afterSuite -->
      </class> <!-- com.ei.testCases.LocalFilters.FiltersOnAlarmRulesPage -->
    </test> <!-- Filters -->
  </suite> <!-- Regression -->
</testng-results>
